\BOOKMARK [0][-]{chapter.1}{\376\377\124\021\221\317\116\343\145\160}{}% 1
\BOOKMARK [1][-]{section.1.1}{\376\377\124\021\221\317\166\204\127\372\147\054\151\202\137\365}{chapter.1}% 2
\BOOKMARK [2][-]{subsection.1.1.1}{\376\377\121\340\117\125\151\202\137\365}{section.1.1}% 3
\BOOKMARK [2][-]{subsection.1.1.2}{\376\377\211\343\147\220\151\202\137\365}{section.1.1}% 4
\BOOKMARK [2][-]{subsection.1.1.3}{\376\377\145\271\124\021\211\322\116\016\145\271\124\021\117\131\137\046}{section.1.1}% 5
\BOOKMARK [1][-]{section.1.2}{\376\377\124\021\221\317\166\204\127\372\147\054\217\320\173\227}{chapter.1}% 6
\BOOKMARK [2][-]{subsection.1.2.1}{\376\377\176\277\140\047\217\320\173\227}{section.1.2}% 7
\BOOKMARK [2][-]{subsection.1.2.2}{\376\377\176\277\140\047\176\304\124\010}{section.1.2}% 8
\BOOKMARK [2][-]{subsection.1.2.3}{\376\377\121\205\171\357}{section.1.2}% 9
\BOOKMARK [2][-]{subsection.1.2.4}{\376\377\131\026\171\357}{section.1.2}% 10
\BOOKMARK [2][-]{subsection.1.2.5}{\376\377\155\367\124\010\171\357}{section.1.2}% 11
\BOOKMARK [2][-]{subsection.1.2.6}{\376\377\134\004\137\161\124\214\122\006\221\317}{section.1.2}% 12
\BOOKMARK [2][-]{subsection.1.2.7}{\376\377\116\214\221\315\131\026\171\357}{section.1.2}% 13
\BOOKMARK [1][-]{section.1.3}{\376\377\124\021\221\317\121\161\176\277\060\001\121\161\227\142\166\204\122\044\145\255\147\141\116\366\154\107\140\073}{chapter.1}% 14
\BOOKMARK [2][-]{subsection.1.3.1}{\376\377\124\021\221\317\142\026\116\011\160\271\121\161\176\277\166\204\220\032\165\050\122\044\133\232\147\141\116\366}{section.1.3}% 15
\BOOKMARK [2][-]{subsection.1.3.2}{\376\377\124\021\221\317\142\026\126\333\160\271\121\161\227\142\166\204\220\032\165\050\122\044\133\232\147\141\116\366}{section.1.3}% 16
\BOOKMARK [0][-]{chapter.2}{\376\377\172\172\225\364\116\055\166\204\166\364\176\277\124\214\136\163\227\142}{}% 17
\BOOKMARK [1][-]{section.2.1}{\376\377\136\163\227\142\166\204\145\271\172\013}{chapter.2}% 18
\BOOKMARK [2][-]{subsection.2.1.1}{\376\377\170\156\133\232\136\163\227\142\166\204\147\141\116\366}{section.2.1}% 19
\BOOKMARK [2][-]{subsection.2.1.2}{\376\377\220\032\165\050\166\204\136\163\227\142\145\271\172\013}{section.2.1}% 20
\BOOKMARK [2][-]{subsection.2.1.3}{\376\377\166\364\211\322\127\120\150\007\174\373\136\163\227\142\145\271\172\013}{section.2.1}% 21
\BOOKMARK [1][-]{section.2.2}{\376\377\162\171\153\212\166\204\136\163\227\142\145\271\172\013}{chapter.2}% 22
\BOOKMARK [1][-]{section.2.3}{\376\377\166\364\176\277\166\204\145\271\172\013}{chapter.2}% 23
\BOOKMARK [2][-]{subsection.2.3.1}{\376\377\170\156\133\232\166\364\176\277\166\204\147\141\116\366}{section.2.3}% 24
\BOOKMARK [2][-]{subsection.2.3.2}{\376\377\166\364\176\277\166\204\220\032\165\050\145\271\172\013}{section.2.3}% 25
\BOOKMARK [1][-]{section.2.4}{\376\377\176\277\140\047\126\376\137\142\166\204\117\115\177\156\121\163\174\373}{chapter.2}% 26
\BOOKMARK [2][-]{subsection.2.4.1}{\376\377\136\163\227\142\116\016\136\163\227\142\166\204\117\115\177\156\121\163\174\373}{section.2.4}% 27
\BOOKMARK [2][-]{subsection.2.4.2}{\376\377\166\364\176\277\116\016\166\364\176\277\166\204\117\115\177\156\121\163\174\373}{section.2.4}% 28
\BOOKMARK [2][-]{subsection.2.4.3}{\376\377\166\364\176\277\116\016\136\163\227\142\166\204\117\115\177\156\121\163\174\373}{section.2.4}% 29
\BOOKMARK [2][-]{subsection.2.4.4}{\376\377\136\163\227\142\147\137\145\271\172\013}{section.2.4}% 30
\BOOKMARK [1][-]{section.2.5}{\376\377\176\277\140\047\126\376\137\142\166\204\215\335\171\273}{chapter.2}% 31
\BOOKMARK [2][-]{subsection.2.5.1}{\376\377\160\271\122\060\166\364\176\277\166\204\215\335\171\273}{section.2.5}% 32
\BOOKMARK [2][-]{subsection.2.5.2}{\376\377\171\273\135\356}{section.2.5}% 33
\BOOKMARK [2][-]{subsection.2.5.3}{\376\377\160\271\122\060\136\163\227\142\166\204\215\335\171\273}{section.2.5}% 34
\BOOKMARK [2][-]{subsection.2.5.4}{\376\377\136\163\227\142\122\060\136\163\227\142\166\204\215\335\171\273}{section.2.5}% 35
\BOOKMARK [2][-]{subsection.2.5.5}{\376\377\116\044\166\364\176\277\166\204\121\154\127\202\176\277}{section.2.5}% 36
\BOOKMARK [2][-]{subsection.2.5.6}{\376\377\166\364\176\277\122\060\166\364\176\277\166\204\215\335\171\273}{section.2.5}% 37
\BOOKMARK [1][-]{section.2.6}{\376\377\176\277\140\047\126\376\137\142\166\204\131\071\211\322}{chapter.2}% 38
\BOOKMARK [2][-]{subsection.2.6.1}{\376\377\136\163\227\142\116\016\136\163\227\142\166\204\131\071\211\322}{section.2.6}% 39
\BOOKMARK [2][-]{subsection.2.6.2}{\376\377\116\044\166\364\176\277\166\204\131\071\211\322}{section.2.6}% 40
\BOOKMARK [2][-]{subsection.2.6.3}{\376\377\166\364\176\277\116\016\136\163\227\142\166\204\131\071\211\322}{section.2.6}% 41
\BOOKMARK [0][-]{chapter.3}{\376\377\136\070\211\301\166\204\146\362\227\142}{}% 42
\BOOKMARK [1][-]{section.3.1}{\376\377\146\362\227\142\123\312\121\166\145\271\172\013}{chapter.3}% 43
\BOOKMARK [2][-]{subsection.3.1.1}{\376\377\146\362\227\142\166\204\145\271\172\013\166\204\133\232\116\111}{section.3.1}% 44
\BOOKMARK [2][-]{subsection.3.1.2}{\376\377\146\362\227\142\145\271\172\013\116\076\117\213}{section.3.1}% 45
\BOOKMARK [2][-]{subsection.3.1.3}{\376\377\146\362\227\142\166\204\116\044\116\052\127\372\147\054\225\356\230\230}{section.3.1}% 46
\BOOKMARK [2][-]{subsection.3.1.4}{\376\377\147\204\136\372\146\362\227\142\145\271\172\013\166\204\116\000\202\054\153\145\232\244}{section.3.1}% 47
\BOOKMARK [2][-]{subsection.3.1.5}{\376\377\147\361\127\120\150\007\116\016\164\003\127\120\150\007}{section.3.1}% 48
\BOOKMARK [2][-]{subsection.3.1.6}{\376\377\146\362\227\142\166\204\123\302\145\160\145\271\172\013}{section.3.1}% 49
\BOOKMARK [1][-]{section.3.2}{\376\377\172\172\225\364\146\362\176\277\166\204\145\271\172\013}{chapter.3}% 50
\BOOKMARK [2][-]{subsection.3.2.1}{\376\377\172\172\225\364\146\362\176\277\166\204\123\302\145\160\145\271\172\013}{section.3.2}% 51
\BOOKMARK [2][-]{subsection.3.2.2}{\376\377\172\172\225\364\146\362\176\277\166\204\116\000\202\054\145\271\172\013}{section.3.2}% 52
\BOOKMARK [2][-]{subsection.3.2.3}{\376\377\172\172\225\364\127\006}{section.3.2}% 53
\BOOKMARK [1][-]{section.3.3}{\376\377\147\361\227\142}{chapter.3}% 54
\BOOKMARK [2][-]{subsection.3.3.1}{\376\377\147\361\227\142\166\204\133\232\116\111}{section.3.3}% 55
\BOOKMARK [2][-]{subsection.3.3.2}{\376\377\147\361\227\142\145\271\172\013}{section.3.3}% 56
\BOOKMARK [1][-]{section.3.4}{\376\377\225\045\227\142}{chapter.3}% 57
\BOOKMARK [2][-]{subsection.3.4.1}{\376\377\225\045\227\142\166\204\133\232\116\111}{section.3.4}% 58
\BOOKMARK [2][-]{subsection.3.4.2}{\376\377\116\000\202\054\225\045\227\142\166\204\145\271\172\013}{section.3.4}% 59
\BOOKMARK [2][-]{subsection.3.4.3}{\376\377\225\045\227\142\145\271\172\013\166\204\162\171\160\271}{section.3.4}% 60
\BOOKMARK [1][-]{section.3.5}{\376\377\145\313\217\154\146\362\227\142}{chapter.3}% 61
\BOOKMARK [2][-]{subsection.3.5.1}{\376\377\145\313\217\154\146\362\227\142\166\204\133\232\116\111}{section.3.5}% 62
\BOOKMARK [2][-]{subsection.3.5.2}{\376\377\145\313\217\154\146\362\227\142\166\204\145\271\172\013}{section.3.5}% 63
\BOOKMARK [1][-]{section.3.6}{\376\377\136\070\211\301\166\204\116\214\153\041\146\362\227\142}{chapter.3}% 64
\BOOKMARK [2][-]{subsection.3.6.1}{\376\377\116\214\153\041\146\362\227\142\166\204\133\232\116\111}{section.3.6}% 65
\BOOKMARK [2][-]{subsection.3.6.2}{\376\377\116\214\153\041\146\362\227\142\166\204\127\372\147\054\174\173\127\213}{section.3.6}% 66
\BOOKMARK [2][-]{subsection.3.6.3}{\376\377\116\214\153\041\146\362\227\142\166\204\140\047\215\050}{section.3.6}% 67
\BOOKMARK [2][-]{subsection.3.6.4}{\376\377\151\055\164\003\227\142}{section.3.6}% 68
\BOOKMARK [2][-]{subsection.3.6.5}{\376\377\123\314\146\362\227\142}{section.3.6}% 69
\BOOKMARK [2][-]{subsection.3.6.6}{\376\377\142\233\162\151\227\142}{section.3.6}% 70
\BOOKMARK [2][-]{subsection.3.6.7}{\376\377\116\214\153\041\146\362\227\142\122\006\174\173}{section.3.6}% 71
\BOOKMARK [1][-]{section.3.7}{\376\377\166\364\176\271\227\142}{chapter.3}% 72
\BOOKMARK [2][-]{subsection.3.7.1}{\376\377\166\364\176\271\227\142\166\204\127\372\147\054\133\232\116\111}{section.3.7}% 73
\BOOKMARK [2][-]{subsection.3.7.2}{\376\377\166\364\176\271\227\142\166\204\123\302\145\160\145\271\172\013}{section.3.7}% 74
\BOOKMARK [2][-]{subsection.3.7.3}{\376\377\116\214\153\041\227\136\166\364\176\271\227\142}{section.3.7}% 75
\BOOKMARK [2][-]{subsection.3.7.4}{\376\377\116\214\153\041\166\364\176\271\227\142}{section.3.7}% 76
\BOOKMARK [0][-]{chapter.4}{\376\377\116\000\202\054\116\214\153\041\146\362\227\142\166\204\173\200\123\026\116\016\127\120\150\007\123\330\143\142}{}% 77
\BOOKMARK [1][-]{section.4.1}{\376\377\116\214\153\041\146\362\227\142\166\204\116\000\202\054\145\271\172\013\123\312\116\015\123\330\221\317}{chapter.4}% 78
\BOOKMARK [2][-]{subsection.4.1.1}{\376\377\172\172\225\364\166\364\211\322\127\120\150\007\123\330\143\142\173\200\116\313}{section.4.1}% 79
\BOOKMARK [2][-]{subsection.4.1.2}{\376\377\116\214\153\041\146\362\227\142\166\204\116\000\202\054\145\271\172\013\123\312\162\171\137\201\145\271\172\013}{section.4.1}% 80
\BOOKMARK [2][-]{subsection.4.1.3}{\376\377\116\214\153\041\146\362\227\142\166\204\116\015\123\330\221\317}{section.4.1}% 81
\BOOKMARK [1][-]{section.4.2}{\376\377\116\214\153\041\146\362\227\142\166\204\122\006\174\173\116\016\173\200\123\026\145\271\172\013}{chapter.4}% 82
\BOOKMARK [1][-]{section.4.3}{\376\377\116\214\153\041\146\362\176\277\166\204\116\055\137\303\116\016\156\020\217\321\145\271\124\021}{chapter.4}% 83
\BOOKMARK [2][-]{subsection.4.3.1}{\376\377\116\214\153\041\146\362\176\277\116\016\166\364\176\277\166\204\117\115\177\156\121\163\174\373}{section.4.3}% 84
\BOOKMARK [2][-]{subsection.4.3.2}{\376\377\116\214\153\041\146\362\227\142\166\204\116\055\137\303}{section.4.3}% 85
\BOOKMARK [1][-]{section.4.4}{\376\377\116\214\153\041\146\362\176\277\173\200\123\026\166\204\127\120\150\007\123\330\143\142}{chapter.4}% 86
\BOOKMARK [2][-]{subsection.4.4.1}{\376\377\116\214\153\041\146\362\227\142\166\204\137\204\227\142}{section.4.4}% 87
\BOOKMARK [1][-]{section.4.5}{\376\377\116\214\153\041\146\362\227\142\123\026\173\200\166\204\166\364\211\322\127\120\150\007\123\330\143\142}{chapter.4}% 88
\BOOKMARK [2][-]{subsection.4.5.1}{\376\377\123\026\173\200\116\214\153\041\146\362\227\142\166\204\121\167\117\123\145\271\154\325}{section.4.5}% 89
\BOOKMARK [2][-]{subsection.4.5.2}{\376\377\121\110\217\154\124\016\171\373\154\325}{section.4.5}% 90
\BOOKMARK [2][-]{subsection.4.5.3}{\376\377\116\073\137\204\227\142\154\325}{section.4.5}% 91
\BOOKMARK [1][-]{section.4.6}{\376\377\116\214\153\041\146\362\227\142\166\204\122\007\176\277\124\214\122\007\136\163\227\142}{chapter.4}% 92
\BOOKMARK [1][-]{section.4.7}{\376\377\172\340\202\202\121\154\137\017\140\073\176\323}{chapter.4}% 93
\BOOKMARK [0][-]{equation.4.7.52}{\376\377\226\104\137\125}{}% 94
\BOOKMARK [1][-]{section*.2}{\376\377\175\042\137\025}{equation.4.7.52}% 95
